<?xml version="1.0" encoding="UTF-8"?>
<coverage generated="1706023341232" clover="3.2.0">
  <project timestamp="1706023341233" name="All files">
    <metrics statements="19" coveredstatements="3" conditionals="12" coveredconditionals="0" methods="9" coveredmethods="2" elements="40" coveredelements="5" complexity="0" loc="19" ncloc="19" packages="2" files="3" classes="3"/>
    <package name="data">
      <metrics statements="0" coveredstatements="0" conditionals="0" coveredconditionals="0" methods="0" coveredmethods="0"/>
      <file name="dataset.js" path="C:\Users\TeresaEspina\Desktop\Me\laboratoria\DEV012-dataverse-chat-main\src\data\dataset.js">
        <metrics statements="0" coveredstatements="0" conditionals="0" coveredconditionals="0" methods="0" coveredmethods="0"/>
      </file>
    </package>
    <package name="lib">
      <metrics statements="19" coveredstatements="3" conditionals="12" coveredconditionals="0" methods="9" coveredmethods="2"/>
      <file name="dataFunctions.js" path="C:\Users\TeresaEspina\Desktop\Me\laboratoria\DEV012-dataverse-chat-main\src\lib\dataFunctions.js">
        <metrics statements="16" coveredstatements="0" conditionals="12" coveredconditionals="0" methods="7" coveredmethods="0"/>
        <line num="4" count="0" type="stmt"/>
        <line num="5" count="0" type="cond" truecount="0" falsecount="2"/>
        <line num="6" count="0" type="cond" truecount="0" falsecount="2"/>
        <line num="9" count="0" type="stmt"/>
        <line num="13" count="0" type="cond" truecount="0" falsecount="2"/>
        <line num="14" count="0" type="stmt"/>
        <line num="15" count="0" type="cond" truecount="0" falsecount="2"/>
        <line num="16" count="0" type="stmt"/>
        <line num="18" count="0" type="stmt"/>
        <line num="23" count="0" type="cond" truecount="0" falsecount="2"/>
        <line num="24" count="0" type="stmt"/>
        <line num="25" count="0" type="cond" truecount="0" falsecount="2"/>
        <line num="27" count="0" type="stmt"/>
        <line num="28" count="0" type="stmt"/>
        <line num="29" count="0" type="stmt"/>
        <line num="30" count="0" type="stmt"/>
      </file>
      <file name="openiaAPI.js" path="C:\Users\TeresaEspina\Desktop\Me\laboratoria\DEV012-dataverse-chat-main\src\lib\openiaAPI.js">
        <metrics statements="3" coveredstatements="3" conditionals="0" coveredconditionals="0" methods="2" coveredmethods="2"/>
        <line num="3" count="1" type="stmt"/>
        <line num="4" count="2" type="stmt"/>
        <line num="24" count="2" type="stmt"/>
      </file>
    </package>
  </project>
</coverage>
