{"C:\\Users\\TeresaEspina\\Desktop\\Me\\laboratoria\\DEV012-dataverse-chat-main\\src\\data\\dataset.js": {"path":"C:\\Users\\TeresaEspina\\Desktop\\Me\\laboratoria\\DEV012-dataverse-chat-main\\src\\data\\dataset.js","statementMap":{},"fnMap":{},"branchMap":{},"s":{},"f":{},"b":{},"_coverageSchema":"1a1c01bbd47fc00a2c39e90264f33305004495a9","hash":"4c32428b16f97c159da49291532879b8d7cb6e80"}
,"C:\\Users\\TeresaEspina\\Desktop\\Me\\laboratoria\\DEV012-dataverse-chat-main\\src\\lib\\dataFunctions.js": {"path":"C:\\Users\\TeresaEspina\\Desktop\\Me\\laboratoria\\DEV012-dataverse-chat-main\\src\\lib\\dataFunctions.js","statementMap":{"0":{"start":{"line":4,"column":28},"end":{"line":7,"column":4}},"1":{"start":{"line":5,"column":18},"end":{"line":5,"column":63}},"2":{"start":{"line":6,"column":4},"end":{"line":6,"column":52}},"3":{"start":{"line":9,"column":2},"end":{"line":9,"column":27}},"4":{"start":{"line":13,"column":2},"end":{"line":19,"column":3}},"5":{"start":{"line":14,"column":4},"end":{"line":14,"column":75}},"6":{"start":{"line":14,"column":31},"end":{"line":14,"column":73}},"7":{"start":{"line":15,"column":9},"end":{"line":19,"column":3}},"8":{"start":{"line":16,"column":4},"end":{"line":16,"column":75}},"9":{"start":{"line":16,"column":31},"end":{"line":16,"column":73}},"10":{"start":{"line":18,"column":4},"end":{"line":18,"column":16}},"11":{"start":{"line":23,"column":2},"end":{"line":32,"column":3}},"12":{"start":{"line":24,"column":22},"end":{"line":24,"column":76}},"13":{"start":{"line":24,"column":47},"end":{"line":24,"column":75}},"14":{"start":{"line":25,"column":4},"end":{"line":31,"column":5}},"15":{"start":{"line":27,"column":21},"end":{"line":27,"column":35}},"16":{"start":{"line":28,"column":26},"end":{"line":28,"column":47}},"17":{"start":{"line":29,"column":21},"end":{"line":29,"column":39}},"18":{"start":{"line":30,"column":6},"end":{"line":30,"column":45}}},"fnMap":{"0":{"name":"filterData","decl":{"start":{"line":3,"column":16},"end":{"line":3,"column":26}},"loc":{"start":{"line":3,"column":65},"end":{"line":10,"column":1}},"line":3},"1":{"name":"(anonymous_1)","decl":{"start":{"line":4,"column":41},"end":{"line":4,"column":42}},"loc":{"start":{"line":4,"column":54},"end":{"line":7,"column":3}},"line":4},"2":{"name":"sortData","decl":{"start":{"line":12,"column":16},"end":{"line":12,"column":24}},"loc":{"start":{"line":12,"column":55},"end":{"line":20,"column":1}},"line":12},"3":{"name":"(anonymous_3)","decl":{"start":{"line":14,"column":21},"end":{"line":14,"column":22}},"loc":{"start":{"line":14,"column":31},"end":{"line":14,"column":73}},"line":14},"4":{"name":"(anonymous_4)","decl":{"start":{"line":16,"column":21},"end":{"line":16,"column":22}},"loc":{"start":{"line":16,"column":31},"end":{"line":16,"column":73}},"line":16},"5":{"name":"characterData","decl":{"start":{"line":22,"column":16},"end":{"line":22,"column":29}},"loc":{"start":{"line":22,"column":49},"end":{"line":33,"column":1}},"line":22},"6":{"name":"(anonymous_6)","decl":{"start":{"line":24,"column":32},"end":{"line":24,"column":33}},"loc":{"start":{"line":24,"column":47},"end":{"line":24,"column":75}},"line":24}},"branchMap":{"0":{"loc":{"start":{"line":5,"column":18},"end":{"line":5,"column":63}},"type":"binary-expr","locations":[{"start":{"line":5,"column":18},"end":{"line":5,"column":31}},{"start":{"line":5,"column":35},"end":{"line":5,"column":63}}],"line":5},"1":{"loc":{"start":{"line":6,"column":11},"end":{"line":6,"column":51}},"type":"binary-expr","locations":[{"start":{"line":6,"column":11},"end":{"line":6,"column":16}},{"start":{"line":6,"column":20},"end":{"line":6,"column":51}}],"line":6},"2":{"loc":{"start":{"line":13,"column":2},"end":{"line":19,"column":3}},"type":"if","locations":[{"start":{"line":13,"column":2},"end":{"line":19,"column":3}},{"start":{"line":15,"column":9},"end":{"line":19,"column":3}}],"line":13},"3":{"loc":{"start":{"line":15,"column":9},"end":{"line":19,"column":3}},"type":"if","locations":[{"start":{"line":15,"column":9},"end":{"line":19,"column":3}},{"start":{"line":17,"column":9},"end":{"line":19,"column":3}}],"line":15},"4":{"loc":{"start":{"line":23,"column":2},"end":{"line":32,"column":3}},"type":"if","locations":[{"start":{"line":23,"column":2},"end":{"line":32,"column":3}},{"start":{},"end":{}}],"line":23},"5":{"loc":{"start":{"line":25,"column":4},"end":{"line":31,"column":5}},"type":"if","locations":[{"start":{"line":25,"column":4},"end":{"line":31,"column":5}},{"start":{},"end":{}}],"line":25}},"s":{"0":1,"1":24,"2":24,"3":1,"4":1,"5":0,"6":0,"7":1,"8":0,"9":0,"10":1,"11":0,"12":0,"13":0,"14":0,"15":0,"16":0,"17":0,"18":0},"f":{"0":1,"1":24,"2":1,"3":0,"4":0,"5":0,"6":0},"b":{"0":[24,24],"1":[24,24],"2":[0,1],"3":[0,1],"4":[0,0],"5":[0,0]},"_coverageSchema":"1a1c01bbd47fc00a2c39e90264f33305004495a9","hash":"b3b390b6c4a2e1f5aef2f382ccdd57c60b329eff"}
,"C:\\Users\\TeresaEspina\\Desktop\\Me\\laboratoria\\DEV012-dataverse-chat-main\\src\\lib\\openiaAPI.js": {"path":"C:\\Users\\TeresaEspina\\Desktop\\Me\\laboratoria\\DEV012-dataverse-chat-main\\src\\lib\\openiaAPI.js","statementMap":{"0":{"start":{"line":3,"column":31},"end":{"line":26,"column":1}},"1":{"start":{"line":4,"column":2},"end":{"line":25,"column":5}},"2":{"start":{"line":24,"column":4},"end":{"line":24,"column":27}}},"fnMap":{"0":{"name":"(anonymous_0)","decl":{"start":{"line":3,"column":31},"end":{"line":3,"column":32}},"loc":{"start":{"line":3,"column":75},"end":{"line":26,"column":1}},"line":3},"1":{"name":"(anonymous_1)","decl":{"start":{"line":23,"column":10},"end":{"line":23,"column":11}},"loc":{"start":{"line":23,"column":24},"end":{"line":25,"column":3}},"line":23}},"branchMap":{},"s":{"0":1,"1":2,"2":2},"f":{"0":2,"1":2},"b":{},"_coverageSchema":"1a1c01bbd47fc00a2c39e90264f33305004495a9","hash":"c0bf963d7444fc649c4bff51fb61c904687ed71c"}
}
