TN:
SF:src\data\dataset.js
FNF:0
FNH:0
LF:0
LH:0
BRF:0
BRH:0
end_of_record
TN:
SF:src\lib\dataFunctions.js
FN:3,filterData
FN:4,(anonymous_1)
FN:12,sortData
FN:14,(anonymous_3)
FN:16,(anonymous_4)
FN:22,characterData
FN:24,(anonymous_6)
FNF:7
FNH:3
FNDA:1,filterData
FNDA:24,(anonymous_1)
FNDA:1,sortData
FNDA:0,(anonymous_3)
FNDA:0,(anonymous_4)
FNDA:0,characterData
FNDA:0,(anonymous_6)
DA:4,1
DA:5,24
DA:6,24
DA:9,1
DA:13,1
DA:14,0
DA:15,1
DA:16,0
DA:18,1
DA:23,0
DA:24,0
DA:25,0
DA:27,0
DA:28,0
DA:29,0
DA:30,0
LF:16
LH:7
BRDA:5,0,0,24
BRDA:5,0,1,24
BRDA:6,1,0,24
BRDA:6,1,1,24
BRDA:13,2,0,0
BRDA:13,2,1,1
BRDA:15,3,0,0
BRDA:15,3,1,1
BRDA:23,4,0,0
BRDA:23,4,1,0
BRDA:25,5,0,0
BRDA:25,5,1,0
BRF:12
BRH:6
end_of_record
TN:
SF:src\lib\openiaAPI.js
FN:3,(anonymous_0)
FN:23,(anonymous_1)
FNF:2
FNH:2
FNDA:2,(anonymous_0)
FNDA:2,(anonymous_1)
DA:3,1
DA:4,2
DA:24,2
LF:3
LH:3
BRF:0
BRH:0
end_of_record
